<?xml version="1.0" encoding="UTF-8"?>
<!-- Generated by org.testng.reporters.JUnitXMLReporter -->
<testsuite ignored="0" hostname="Aruns-MacBook-Air.local" failures="1" tests="4" name="Test" time="69.394" errors="0" timestamp="2025-04-05T12:27:11 IST">
  <testcase classname="arun.test.HashmapTest" name="hashMapValidation" time="3.647">
    <skipped/>
  </testcase> <!-- hashMapValidation -->
  <testcase classname="arun.test.HashmapTest" name="hashMapValidation" time="3.329">
    <failure type="java.lang.AssertionError" message="expected [Incorrect email or password.11] but found [Incorrect email or password.]">
      <![CDATA[java.lang.AssertionError: expected [Incorrect email or password.11] but found [Incorrect email or password.]
at arun.test.HashmapTest.hashMapValidation(HashmapTest.java:36)
at java.base/java.util.ArrayList.forEach(ArrayList.java:1597)
... Removed 31 stack frames]]>
    </failure>
  </testcase> <!-- hashMapValidation -->
  <testcase classname="arun.test.SampleTest" name="SampleErrorValidation" time="3.247"/>
  <testcase classname="arun.test.SampleTest" name="faceBook" time="2.623"/>
</testsuite> <!-- Test -->
